<?xml version="1.0" encoding="UTF-8"?>
<testsuite xmlns:xsi="http://www.w3.org/2001/XMLSchema-instance" xsi:noNamespaceSchemaLocation="https://maven.apache.org/surefire/maven-surefire-plugin/xsd/surefire-test-report.xsd" name="avl.AvlTreeTest" time="0.037" tests="21" errors="0" skipped="0" failures="0">
  <properties>
[...]
</properties>
  <testcase name="testInserting7_4_3_2_1" classname="avl.AvlTreeTest" time="0"/>
  <testcase name="testInserting7_8_9_10_11" classname="avl.AvlTreeTest" time="0"/>
  <testcase name="testDeletingNodesWithTwoLeaves" classname="avl.AvlTreeTest" time="0"/>
  <testcase name="testDeletingAndRebalancing" classname="avl.AvlTreeTest" time="0"/>
  <testcase name="testSearchNode" classname="avl.AvlTreeTest" time="0.001"/>
  <testcase name="testInsertingLeftLeftNodeAndRebalance" classname="avl.AvlTreeTest" time="0"/>
  <testcase name="testFindSuccessor" classname="avl.AvlTreeTest" time="0"/>
  <testcase name="testInsertingRightElement" classname="avl.AvlTreeTest" time="0"/>
  <testcase name="testInsertingLeftRightNodeAndRebalance" classname="avl.AvlTreeTest" time="0"/>
  <testcase name="testInsertTop" classname="avl.AvlTreeTest" time="0"/>
  <testcase name="testDeletingTopNode" classname="avl.AvlTreeTest" time="0"/>
  <testcase name="testInsertingRightRightNodeAndRebalance" classname="avl.AvlTreeTest" time="0"/>
  <testcase name="testDeletingLeafNodes" classname="avl.AvlTreeTest" time="0"/>
  <testcase name="testInsertingRightLeftNodeAndRebalance" classname="avl.AvlTreeTest" time="0"/>
  <testcase name="testCompareNodes" classname="avl.AvlTreeTest" time="0"/>
  <testcase name="testInsertingLeftElement" classname="avl.AvlTreeTest" time="0"/>
  <testcase name="testHeightAndBalanceOfASimpleBalancedTree" classname="avl.AvlTreeTest" time="0"/>
  <testcase name="testSearchClosestNode" classname="avl.AvlTreeTest" time="0"/>
  <testcase name="testDeletingNodesWithOneLeaf" classname="avl.AvlTreeTest" time="0"/>
  <testcase name="testInsertingRightAndLeftElementsJustAfterTop" classname="avl.AvlTreeTest" time="0"/>
  <testcase name="testAvlIsEmpty" classname="avl.AvlTreeTest" time="0"/>
</testsuite>